<?xml version="1.0" encoding="UTF-8"?>
<!-- Generated by org.testng.reporters.JUnitReportReporter -->
<testsuite hostname="akilan-18633-gf" failures="0" tests="3" name="pomtests.SearchUsersTest" time="59.503" errors="1" timestamp="2024-01-08T18:01:51 IST" skipped="2">
  <testcase classname="pomtests.SearchUsersTest" name="playwrightStartup" time="59.503">
    <error message="Error {
  message=&#039;Timeout 30000ms exceeded.
  name=&#039;TimeoutError
  stack=&#039;TimeoutError: Timeout 30000ms exceeded.
    at ProgressController.run (C:\Users\AKILAN~1\AppData\Local\Temp\playwright-java-2046511698108641875\package\lib\server\progress.js:87:26)
    at Frame.waitForSelector (C:\Users\AKILAN~1\AppData\Local\Temp\playwright-java-2046511698108641875\package\lib\server\frames.js:619:23)
    at FrameDispatcher.waitForSelector (C:\Users\AKILAN~1\AppData\Local\Temp\playwright-java-2046511698108641875\package\lib\server\dispatchers\frameDispatcher.js:100:103)
    at FrameDispatcher._handleCommand (C:\Users\AKILAN~1\AppData\Local\Temp\playwright-java-2046511698108641875\package\lib\server\dispatchers\dispatcher.js:84:40)
    at DispatcherConnection.dispatch (C:\Users\AKILAN~1\AppData\Local\Temp\playwright-java-2046511698108641875\package\lib\server\dispatchers\dispatcher.js:351:39)
}
Call log:
- waiting for locator(&quot;[id=&#039;txtUsername&#039;]&quot;) to be visible
" type="com.microsoft.playwright.TimeoutError">
      <![CDATA[com.microsoft.playwright.TimeoutError: Error {
  message='Timeout 30000ms exceeded.
  name='TimeoutError
  stack='TimeoutError: Timeout 30000ms exceeded.
    at ProgressController.run (C:\Users\AKILAN~1\AppData\Local\Temp\playwright-java-2046511698108641875\package\lib\server\progress.js:87:26)
    at Frame.waitForSelector (C:\Users\AKILAN~1\AppData\Local\Temp\playwright-java-2046511698108641875\package\lib\server\frames.js:619:23)
    at FrameDispatcher.waitForSelector (C:\Users\AKILAN~1\AppData\Local\Temp\playwright-java-2046511698108641875\package\lib\server\dispatchers\frameDispatcher.js:100:103)
    at FrameDispatcher._handleCommand (C:\Users\AKILAN~1\AppData\Local\Temp\playwright-java-2046511698108641875\package\lib\server\dispatchers\dispatcher.js:84:40)
    at DispatcherConnection.dispatch (C:\Users\AKILAN~1\AppData\Local\Temp\playwright-java-2046511698108641875\package\lib\server\dispatchers\dispatcher.js:351:39)
}
Call log:
- waiting for locator("[id='txtUsername']") to be visible

at com.microsoft.playwright.impl.WaitableResult.get(WaitableResult.java:52)
at com.microsoft.playwright.impl.ChannelOwner.runUntil(ChannelOwner.java:120)
at com.microsoft.playwright.impl.Connection.sendMessage(Connection.java:129)
at com.microsoft.playwright.impl.ChannelOwner.sendMessage(ChannelOwner.java:106)
at com.microsoft.playwright.impl.FrameImpl.waitForSelectorImpl(FrameImpl.java:1060)
at com.microsoft.playwright.impl.FrameImpl.waitForSelectorImpl(FrameImpl.java:1050)
at com.microsoft.playwright.impl.PageImpl.lambda$waitForSelector$91(PageImpl.java:1449)
at com.microsoft.playwright.impl.LoggingSupport.withLogging(LoggingSupport.java:47)
at com.microsoft.playwright.impl.ChannelOwner.withLogging(ChannelOwner.java:89)
at com.microsoft.playwright.impl.PageImpl.waitForSelector(PageImpl.java:1448)
at com.microsoft.playwright.Page.waitForSelector(Page.java:7802)
at PageTestClass.BaseClass.launchApplication(BaseClass.java:38)
at pomtests.SearchUsersTest.playwrightStartup(SearchUsersTest.java:24)
at java.base/jdk.internal.reflect.NativeMethodAccessorImpl.invoke0(Native Method)
at java.base/jdk.internal.reflect.NativeMethodAccessorImpl.invoke(NativeMethodAccessorImpl.java:77)
at java.base/jdk.internal.reflect.DelegatingMethodAccessorImpl.invoke(DelegatingMethodAccessorImpl.java:43)
at java.base/java.lang.reflect.Method.invoke(Method.java:568)
at org.testng.internal.invokers.MethodInvocationHelper.invokeMethod(MethodInvocationHelper.java:139)
at org.testng.internal.invokers.MethodInvocationHelper.invokeMethodConsideringTimeout(MethodInvocationHelper.java:69)
at org.testng.internal.invokers.ConfigInvoker.invokeConfigurationMethod(ConfigInvoker.java:361)
at org.testng.internal.invokers.ConfigInvoker.invokeConfigurations(ConfigInvoker.java:296)
at org.testng.internal.invokers.TestMethodWorker.invokeBeforeClassMethods(TestMethodWorker.java:180)
at org.testng.internal.invokers.TestMethodWorker.run(TestMethodWorker.java:122)
at java.base/java.util.ArrayList.forEach(ArrayList.java:1511)
at org.testng.TestRunner.privateRun(TestRunner.java:806)
at org.testng.TestRunner.run(TestRunner.java:601)
at org.testng.SuiteRunner.runTest(SuiteRunner.java:433)
at org.testng.SuiteRunner.runSequentially(SuiteRunner.java:427)
at org.testng.SuiteRunner.privateRun(SuiteRunner.java:387)
at org.testng.SuiteRunner.run(SuiteRunner.java:330)
at org.testng.SuiteRunnerWorker.runSuite(SuiteRunnerWorker.java:52)
at org.testng.SuiteRunnerWorker.run(SuiteRunnerWorker.java:95)
at org.testng.TestNG.runSuitesSequentially(TestNG.java:1256)
at org.testng.TestNG.runSuitesLocally(TestNG.java:1176)
at org.testng.TestNG.runSuites(TestNG.java:1099)
at org.testng.TestNG.run(TestNG.java:1067)
at org.testng.remote.AbstractRemoteTestNG.run(AbstractRemoteTestNG.java:115)
at org.testng.remote.RemoteTestNG.initAndRun(RemoteTestNG.java:251)
at org.testng.remote.RemoteTestNG.main(RemoteTestNG.java:77)
Caused by: com.microsoft.playwright.TimeoutError: Error {
  message='Timeout 30000ms exceeded.
  name='TimeoutError
  stack='TimeoutError: Timeout 30000ms exceeded.
    at ProgressController.run (C:\Users\AKILAN~1\AppData\Local\Temp\playwright-java-2046511698108641875\package\lib\server\progress.js:87:26)
    at Frame.waitForSelector (C:\Users\AKILAN~1\AppData\Local\Temp\playwright-java-2046511698108641875\package\lib\server\frames.js:619:23)
    at FrameDispatcher.waitForSelector (C:\Users\AKILAN~1\AppData\Local\Temp\playwright-java-2046511698108641875\package\lib\server\dispatchers\frameDispatcher.js:100:103)
    at FrameDispatcher._handleCommand (C:\Users\AKILAN~1\AppData\Local\Temp\playwright-java-2046511698108641875\package\lib\server\dispatchers\dispatcher.js:84:40)
    at DispatcherConnection.dispatch (C:\Users\AKILAN~1\AppData\Local\Temp\playwright-java-2046511698108641875\package\lib\server\dispatchers\dispatcher.js:351:39)
}
Call log:
- waiting for locator("[id='txtUsername']") to be visible

at com.microsoft.playwright.impl.Connection.dispatch(Connection.java:252)
at com.microsoft.playwright.impl.Connection.processOneMessage(Connection.java:209)
at com.microsoft.playwright.impl.ChannelOwner.runUntil(ChannelOwner.java:118)
... 37 more
]]>
    </error>
  </testcase> <!-- playwrightStartup -->
  <system-out/>
  <testcase classname="pomtests.SearchUsersTest" name="loginTest" time="0.000">
    <skipped/>
  </testcase> <!-- loginTest -->
  <system-out/>
  <testcase classname="pomtests.SearchUsersTest" name="searchUsersTest" time="0.000">
    <skipped/>
  </testcase> <!-- searchUsersTest -->
  <system-out/>
</testsuite> <!-- pomtests.SearchUsersTest -->
